
> revhire-frontend@0.0.0 build
> ng build

- Building...

Application bundle generation failed. [4.328 seconds]

▲ [WARNING] NG8107: The left side of this optional chain operation does not include 'null' or 'undefined' in its type, therefore the '?.' operator can be replaced with the '.' operator. [plugin angular-compiler]

    src/app/features/job-detail/job-detail.html:8:68:
      8 │ ...v class="company-logo-xl">{{ job()!.companyName?.charAt(0) }}</div>
        ╵                                                     ~~~~~~

  Error occurs in the template of component JobDetailComponent.

    src/app/features/job-detail/job-detail.ts:16:17:
      16 │     templateUrl: './job-detail.html',
         ╵                  ~~~~~~~~~~~~~~~~~~~


▲ [WARNING] NG8107: The left side of this optional chain operation does not include 'null' or 'undefined' in its type, therefore the '?.' operator can be replaced with the '.' operator. [plugin angular-compiler]

    src/app/features/job-detail/job-detail.html:141:72:
      141 │ ...class="company-logo-md">{{ job()!.companyName?.charAt(0) }}</div>
          ╵                                                   ~~~~~~

  Error occurs in the template of component JobDetailComponent.

    src/app/features/job-detail/job-detail.ts:16:17:
      16 │     templateUrl: './job-detail.html',
         ╵                  ~~~~~~~~~~~~~~~~~~~


X [ERROR] NG9: Property 'applicantName' does not exist on type 'Application'. [plugin angular-compiler]

    src/app/features/employer/job-applicants/job-applicants.html:68:56:
      68 │ ...            <div class="seeker-name">{{ app.applicantName }}</div>
         ╵                                                ~~~~~~~~~~~~~

  Error occurs in the template of component JobApplicantsComponent.

    src/app/features/employer/job-applicants/job-applicants.ts:16:17:
      16 │     templateUrl: './job-applicants.html',
         ╵                  ~~~~~~~~~~~~~~~~~~~~~~~


X [ERROR] NG9: Property 'applicantsCount' does not exist on type 'Job'. [plugin angular-compiler]

    src/app/features/job-detail/job-detail.html:17:74:
      17 │ ...i-people-fill"></i> {{ job()!.applicantsCount }} applicants</span>
         ╵                                  ~~~~~~~~~~~~~~~

  Error occurs in the template of component JobDetailComponent.

    src/app/features/job-detail/job-detail.ts:16:17:
      16 │     templateUrl: './job-detail.html',
         ╵                  ~~~~~~~~~~~~~~~~~~~


